[16:25:30] [User Authenticator #28/INFO]: UUID of player Netorch is 61518373-983a-4592-b0ed-549097570f91
[16:25:30] [Server thread/INFO]: Netorch[/93.189.200.44:61943] logged in with entity id 191326 at (211.31290526791236, 69.0, 83.569547024868)
[16:25:30] [Server thread/INFO]: Netorch joined the game
[16:25:49] [User Authenticator #29/INFO]: UUID of player AnalD1gger is 5a2769a0-47e0-4971-b6b3-b37738146b19
[16:25:49] [Server thread/INFO]: AnalD1gger[/178.204.120.234:50731] logged in with entity id 191360 at (213.31905703793598, 69.0625, 92.06785075003539)
[16:25:49] [Server thread/INFO]: AnalD1gger joined the game
[16:26:04] [Server thread/INFO]: <AnalD1gger> дароу
[16:26:14] [Server thread/INFO]: <Netorch> хаю хай
[16:26:22] [Server thread/INFO]: <Netorch> с вами ивангай
[16:26:23] [Server thread/INFO]: <AnalD1gger> Я закоммитил весь наш прогресс
[16:26:28] [Server thread/INFO]: Netorch was slain by Zombie
[16:26:43] [Server thread/INFO]: <AnalD1gger> ща попробую локально поднять сервак и проверить будет ли там весь наш мир
[16:27:04] [Server thread/INFO]: AnalD1gger lost connection: Disconnected
[16:27:04] [Server thread/INFO]: AnalD1gger left the game
[16:32:07] [Server thread/INFO]: Netorch was slain by Magma Cube
[16:35:26] [Server thread/INFO]: Netorch was slain by Enderman
[16:59:40] [Server thread/INFO]: Netorch was shot by Skeleton
[17:03:12] [Server thread/INFO]: Netorch was slain by Zombie
[17:11:32] [User Authenticator #30/INFO]: UUID of player chrispyapples is a346acff-0470-48b2-b53b-29ed380ae73d
[17:11:32] [Server thread/INFO]: chrispyapples[/5.3.150.77:54917] logged in with entity id 197704 at (208.35812397906244, 69.0, 90.07799587436085)
[17:11:32] [Server thread/INFO]: chrispyapples joined the game
[17:14:04] [User Authenticator #31/INFO]: UUID of player AnalD1gger is 5a2769a0-47e0-4971-b6b3-b37738146b19
[17:14:04] [Server thread/INFO]: AnalD1gger[/178.204.120.234:51355] logged in with entity id 198088 at (203.30000001192093, 69.0, 91.72658710835226)
[17:14:04] [Server thread/INFO]: AnalD1gger joined the game
[17:20:20] [Server thread/WARN]: Can't keep up! Is the server overloaded? Running 2012ms or 40 ticks behind
[17:35:50] [Server thread/INFO]: chrispyapples was blown up by Creeper
[17:40:22] [Server thread/WARN]: Can't keep up! Is the server overloaded? Running 2063ms or 41 ticks behind
[17:42:44] [Server thread/INFO]: chrispyapples was shot by Skeleton
[17:43:00] [Server thread/INFO]: Netorch tried to swim in lava to escape Magma Cube
[17:45:24] [Server thread/WARN]: Can't keep up! Is the server overloaded? Running 2467ms or 49 ticks behind
[17:49:09] [Server thread/WARN]: Fetching packet for removed entity bcv['Gravel'/205521, l='ServerLevel[world]', x=255.59, y=28.08, z=160.04]
[17:50:18] [Server thread/INFO]: Netorch hit the ground too hard
[17:56:22] [Server thread/INFO]: chrispyapples was slain by Zombie
[17:59:17] [Server thread/INFO]: chrispyapples was slain by Zombie
[18:01:44] [Server thread/INFO]: chrispyapples was shot by Skeleton
[18:05:52] [Server thread/INFO]: Netorch was shot by Skeleton
[18:08:03] [Server thread/INFO]: Netorch hit the ground too hard
[18:09:07] [Server thread/INFO]: AnalD1gger was slain by Spider
[18:09:18] [Server thread/WARN]: Mismatch in destroy block pos: fx{x=154, y=63, z=164} fx{x=154, y=62, z=165}
[18:09:18] [Server thread/WARN]: Mismatch in destroy block pos: fx{x=154, y=63, z=164} fx{x=154, y=62, z=165}
[18:09:31] [Server thread/INFO]: Netorch was slain by Spider
[18:09:49] [Server thread/INFO]: Netorch was blown up by Creeper
[18:12:41] [Server thread/WARN]: Mismatch in destroy block pos: fx{x=217, y=65, z=66} fx{x=218, y=65, z=65}
[18:15:28] [Server thread/INFO]: Netorch was poked to death by a sweet berry bush
[18:16:00] [Server thread/INFO]: AnalD1gger has made the advancement [Fishy Business]
[18:19:52] [Server thread/WARN]: Mismatch in destroy block pos: fx{x=373, y=67, z=243} fx{x=372, y=66, z=242}
[18:20:42] [Server thread/WARN]: Mismatch in destroy block pos: fx{x=360, y=67, z=272} fx{x=360, y=65, z=271}
[18:25:26] [Server thread/WARN]: Mismatch in destroy block pos: fx{x=102, y=67, z=73} fx{x=103, y=66, z=73}
[18:25:26] [Server thread/WARN]: Mismatch in destroy block pos: fx{x=101, y=67, z=71} fx{x=101, y=65, z=71}
[18:29:10] [Server thread/INFO]: Netorch was shot by Skeleton
[18:30:26] [Server thread/WARN]: Can't keep up! Is the server overloaded? Running 2072ms or 41 ticks behind
[18:31:53] [Server thread/INFO]: Netorch was poked to death by a sweet berry bush
[18:35:28] [Server thread/WARN]: Can't keep up! Is the server overloaded? Running 2226ms or 44 ticks behind
[18:40:31] [Server thread/WARN]: Can't keep up! Is the server overloaded? Running 2579ms or 51 ticks behind
[18:41:36] [Server thread/INFO]: Netorch has made the advancement [Ice Bucket Challenge]
[19:00:33] [Server thread/WARN]: Can't keep up! Is the server overloaded? Running 2013ms or 40 ticks behind
[19:02:21] [Server thread/WARN]: Can't keep up! Is the server overloaded? Running 2003ms or 40 ticks behind
[19:02:22] [Server thread/WARN]: Horse (vehicle of AnalD1gger) moved wrongly! 0.44702848468489265
[19:02:22] [Server thread/WARN]: Horse (vehicle of AnalD1gger) moved wrongly! 0.9271415248198309
[19:02:34] [Server thread/WARN]: Horse (vehicle of AnalD1gger) moved wrongly! 0.3099601268411334
[19:02:34] [Server thread/WARN]: Horse (vehicle of AnalD1gger) moved wrongly! 0.8008372711792617
[19:02:34] [Server thread/WARN]: Horse (vehicle of AnalD1gger) moved wrongly! 1.2914977444175975
[19:02:39] [Server thread/WARN]: Can't keep up! Is the server overloaded? Running 3270ms or 65 ticks behind
[19:02:56] [Server thread/WARN]: Can't keep up! Is the server overloaded? Running 2021ms or 40 ticks behind
[19:03:16] [Server thread/WARN]: Can't keep up! Is the server overloaded? Running 4222ms or 84 ticks behind
[19:03:34] [Server thread/WARN]: Can't keep up! Is the server overloaded? Running 3689ms or 73 ticks behind
[19:03:53] [Server thread/WARN]: Can't keep up! Is the server overloaded? Running 3300ms or 66 ticks behind
[19:04:11] [Server thread/WARN]: Can't keep up! Is the server overloaded? Running 3127ms or 62 ticks behind
[19:04:29] [Server thread/WARN]: Can't keep up! Is the server overloaded? Running 2927ms or 58 ticks behind
[19:04:47] [Server thread/WARN]: Can't keep up! Is the server overloaded? Running 2954ms or 59 ticks behind
[19:05:01] [Server thread/WARN]: Horse (vehicle of AnalD1gger) moved wrongly! 0.3705169070509555
[19:05:01] [Server thread/WARN]: Horse (vehicle of AnalD1gger) moved wrongly! 0.865051850736279
[19:05:01] [Server thread/WARN]: Horse (vehicle of AnalD1gger) moved wrongly! 0.3605091331688186
[19:05:04] [Server thread/WARN]: Can't keep up! Is the server overloaded? Running 2817ms or 56 ticks behind
[19:05:49] [Server thread/INFO]: AnalD1gger was shot by Skeleton
[19:06:06] [Server thread/WARN]: Can't keep up! Is the server overloaded? Running 2808ms or 56 ticks behind
[19:06:32] [Server thread/INFO]: Netorch was shot by Skeleton
[19:08:33] [Server thread/INFO]: Netorch was poked to death by a sweet berry bush
[19:12:40] [Server thread/INFO]: Netorch fell from a high place
[19:16:08] [Server thread/WARN]: Can't keep up! Is the server overloaded? Running 2114ms or 42 ticks behind
[19:16:32] [Server thread/INFO]: chrispyapples was shot by Pillager
[19:17:07] [Server thread/WARN]: Can't keep up! Is the server overloaded? Running 2003ms or 40 ticks behind
[19:19:08] [Server thread/WARN]: Can't keep up! Is the server overloaded? Running 2019ms or 40 ticks behind
[19:19:28] [Server thread/WARN]: Can't keep up! Is the server overloaded? Running 2006ms or 40 ticks behind
[19:19:45] [Server thread/WARN]: Can't keep up! Is the server overloaded? Running 2242ms or 44 ticks behind
[19:20:02] [Server thread/WARN]: Can't keep up! Is the server overloaded? Running 2069ms or 41 ticks behind
[19:20:20] [Server thread/WARN]: Can't keep up! Is the server overloaded? Running 2003ms or 40 ticks behind
[19:20:40] [Server thread/WARN]: Can't keep up! Is the server overloaded? Running 2019ms or 40 ticks behind
[19:21:25] [Server thread/WARN]: Can't keep up! Is the server overloaded? Running 3398ms or 67 ticks behind
[19:21:44] [Server thread/WARN]: Can't keep up! Is the server overloaded? Running 3583ms or 71 ticks behind
[19:23:06] [Server thread/INFO]: AnalD1gger has made the advancement [Who is Cutting Onions?]
[19:25:14] [Server thread/INFO]: AnalD1gger has completed the challenge [Hot Tourist Destinations]
[19:26:31] [Server thread/WARN]: Can't keep up! Is the server overloaded? Running 2148ms or 42 ticks behind
[19:31:33] [Server thread/WARN]: Can't keep up! Is the server overloaded? Running 2128ms or 42 ticks behind
[19:31:38] [Server thread/INFO]: Villager bfj['Farmer'/225419, l='ServerLevel[world]', x=15.65, y=68.42, z=-371.30] died, message: 'Farmer was slain by Vindicator'
[19:35:09] [Server thread/INFO]: Netorch hit the ground too hard whilst trying to escape Piglin
[19:35:23] [Server thread/INFO]: AnalD1gger tried to swim in lava
[19:35:29] [Server thread/INFO]: AnalD1gger lost connection: Disconnected
[19:35:29] [Server thread/INFO]: AnalD1gger left the game
[19:35:32] [User Authenticator #32/INFO]: UUID of player AnalD1gger is 5a2769a0-47e0-4971-b6b3-b37738146b19
[19:35:32] [Server thread/INFO]: AnalD1gger[/178.204.120.234:52647] logged in with entity id 233128 at (211.5, 69.0, 96.5)
[19:35:32] [Server thread/INFO]: AnalD1gger joined the game
[19:40:58] [Server thread/INFO]: Netorch fell from a high place
[19:42:40] [Server thread/INFO]: Netorch fell from a high place
[19:46:36] [Server thread/WARN]: Netorch moved too quickly! -2.9761800577828126,2.0,-9.490071592911818
[19:46:36] [Server thread/WARN]: Can't keep up! Is the server overloaded? Running 2866ms or 57 ticks behind
[19:46:53] [Server thread/WARN]: Can't keep up! Is the server overloaded? Running 2092ms or 41 ticks behind
[19:49:03] [Server thread/WARN]: Can't keep up! Is the server overloaded? Running 2007ms or 40 ticks behind
[19:49:05] [Server thread/INFO]: Netorch hit the ground too hard
[19:51:42] [Server thread/WARN]: Can't keep up! Is the server overloaded? Running 2409ms or 48 ticks behind
[19:53:38] [Server thread/INFO]: Netorch lost connection: Disconnected
[19:53:38] [Server thread/INFO]: Netorch left the game
[19:56:44] [Server thread/WARN]: Horse (vehicle of AnalD1gger) moved too quickly! -6.645408891202635,0.0,8.105848316696779
[19:56:44] [Server thread/WARN]: Horse (vehicle of AnalD1gger) moved too quickly! -6.978642365301596,0.0,8.476004992165713
[19:56:44] [Server thread/WARN]: Horse (vehicle of AnalD1gger) moved too quickly! -7.311430330796071,0.0,8.846561951496085
[19:56:44] [Server thread/WARN]: Horse (vehicle of AnalD1gger) moved too quickly! -7.640795508077673,0.0,9.220132870079851
[19:56:44] [Server thread/WARN]: Horse (vehicle of AnalD1gger) moved too quickly! -7.964615623455785,0.0,9.598454308546195
[19:56:44] [Server thread/WARN]: Horse (vehicle of AnalD1gger) moved too quickly! -8.281219744232004,0.0,9.982748465448765
[19:56:44] [Server thread/WARN]: Horse (vehicle of AnalD1gger) moved too quickly! -8.592054444260356,0.0,10.371726427706903
[19:56:44] [Server thread/WARN]: Horse (vehicle of AnalD1gger) moved too quickly! -8.899802042276377,0.0,10.7632106008258
[20:00:26] [Server thread/INFO]: chrispyapples lost connection: Disconnected
[20:00:26] [Server thread/INFO]: chrispyapples left the game
[20:00:28] [Server thread/INFO]: AnalD1gger lost connection: Disconnected
[20:00:28] [Server thread/INFO]: AnalD1gger left the game
